[debug] [2023-10-14T08:21:46.517Z] ----------------------------------------------------------------------
[debug] [2023-10-14T08:21:46.519Z] Command:       C:\Program Files\nodejs\node.exe C:\Users\ericj\AppData\Roaming\npm\node_modules\firebase-tools\lib\bin\firebase.js init hosting:github
[debug] [2023-10-14T08:21:46.519Z] CLI Version:   12.6.1
[debug] [2023-10-14T08:21:46.519Z] Platform:      win32
[debug] [2023-10-14T08:21:46.519Z] Node Version:  v17.4.0
[debug] [2023-10-14T08:21:46.520Z] Time:          Sat Oct 14 2023 10:21:46 GMT+0200 (Midden-Europese zomertijd)
[debug] [2023-10-14T08:21:46.520Z] ----------------------------------------------------------------------
[debug] 
[debug] [2023-10-14T08:21:46.523Z] >>> [apiv2][query] GET https://firebase-public.firebaseio.com/cli.json [none]
[debug] [2023-10-14T08:21:46.671Z] > command requires scopes: ["email","openid","https://www.googleapis.com/auth/cloudplatformprojects.readonly","https://www.googleapis.com/auth/firebase","https://www.googleapis.com/auth/cloud-platform"]
[debug] [2023-10-14T08:21:46.671Z] > authorizing via signed-in user (ejansen00@gmail.com)
[info] 
     ######## #### ########  ######## ########     ###     ######  ########
     ##        ##  ##     ## ##       ##     ##  ##   ##  ##       ##
     ######    ##  ########  ######   ########  #########  ######  ######
     ##        ##  ##    ##  ##       ##     ## ##     ##       ## ##
     ##       #### ##     ## ######## ########  ##     ##  ######  ########

You're about to initialize a Firebase project in this directory:

  D:\Dev\appelent-monorepo\frontend\react\devias-kit-pro-v640-vite-satisfactory

Before we get started, keep in mind:

  * You are initializing within an existing Firebase project directory

[debug] [2023-10-14T08:21:46.965Z] <<< [apiv2][status] GET https://firebase-public.firebaseio.com/cli.json 200
[debug] [2023-10-14T08:21:46.966Z] <<< [apiv2][body] GET https://firebase-public.firebaseio.com/cli.json {"cloudBuildErrorAfter":1594252800000,"cloudBuildWarnAfter":1590019200000,"defaultNode10After":1594252800000,"minVersion":"3.0.5","node8DeploysDisabledAfter":1613390400000,"node8RuntimeDisabledAfter":1615809600000,"node8WarnAfter":1600128000000}
[info] 
=== Project Setup
[info] 
[info] First, let's associate this project directory with a Firebase project.
[info] You can create multiple project aliases by running firebase use --add, 
[info] but for now we'll just set up a default project.
[info] 
[debug] [2023-10-14T08:21:53.914Z] Using project from CLI flag: appelent-satisfactory
[debug] [2023-10-14T08:21:53.915Z] > refreshing access token with scopes: []
[debug] [2023-10-14T08:21:53.915Z] >>> [apiv2][query] POST https://www.googleapis.com/oauth2/v3/token [none]
[debug] [2023-10-14T08:21:53.916Z] >>> [apiv2][body] POST https://www.googleapis.com/oauth2/v3/token [omitted]
[debug] [2023-10-14T08:21:54.035Z] <<< [apiv2][status] POST https://www.googleapis.com/oauth2/v3/token 200
[debug] [2023-10-14T08:21:54.036Z] <<< [apiv2][body] POST https://www.googleapis.com/oauth2/v3/token [omitted]
[debug] [2023-10-14T08:21:54.046Z] >>> [apiv2][query] GET https://firebase.googleapis.com/v1beta1/projects/appelent-satisfactory [none]
[debug] [2023-10-14T08:21:54.336Z] <<< [apiv2][status] GET https://firebase.googleapis.com/v1beta1/projects/appelent-satisfactory 200
[debug] [2023-10-14T08:21:54.336Z] <<< [apiv2][body] GET https://firebase.googleapis.com/v1beta1/projects/appelent-satisfactory {"projectId":"appelent-satisfactory","projectNumber":"77073885556","displayName":"appelent-satisfactory","name":"projects/appelent-satisfactory","resources":{"hostingSite":"appelent-satisfactory","storageBucket":"appelent-satisfactory.appspot.com","locationId":"europe-west"},"state":"ACTIVE","etag":"1_ccb6470d-b193-47e9-b703-7040aa45e8f0"}
[info] i  Using project appelent-satisfactory (appelent-satisfactory) 
[info] 
=== Hosting:github Setup
[info] 
[info] i  Detected a .git folder at D:\Dev\appelent-monorepo 
[info] i  Authorizing with GitHub to upload your service account to a GitHub repository's secrets store. 
[info] 
[info] Visit this URL on this device to log in:
[info] https://github.com/login/oauth/authorize?client_id=89cf50f02ac6aaed3484&state=981252966&redirect_uri=http%3A%2F%2Flocalhost%3A9005&scope=read%3Auser%20repo%20public_repo
[info] 
[info] Waiting for authentication...
[debug] [2023-10-14T08:22:10.936Z] >>> [apiv2][query] POST https://github.com/login/oauth/access_token [none]
[debug] [2023-10-14T08:22:10.936Z] >>> [apiv2][body] POST https://github.com/login/oauth/access_token [stream]
[debug] [2023-10-14T08:22:11.192Z] <<< [apiv2][status] POST https://github.com/login/oauth/access_token 200
[debug] [2023-10-14T08:22:11.193Z] <<< [apiv2][body] POST https://github.com/login/oauth/access_token {"access_token":"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","token_type":"bearer","scope":"read:user,repo"}
[debug] [2023-10-14T08:22:11.195Z] >>> [apiv2][query] GET https://api.github.com/user [none]
[debug] [2023-10-14T08:22:11.477Z] <<< [apiv2][status] GET https://api.github.com/user 200
[debug] [2023-10-14T08:22:11.477Z] <<< [apiv2][body] GET https://api.github.com/user {"login":"AppElent","id":26725094,"node_id":"MDQ6VXNlcjI2NzI1MDk0","avatar_url":"https://avatars.githubusercontent.com/u/26725094?v=4","gravatar_id":"","url":"https://api.github.com/users/AppElent","html_url":"https://github.com/AppElent","followers_url":"https://api.github.com/users/AppElent/followers","following_url":"https://api.github.com/users/AppElent/following{/other_user}","gists_url":"https://api.github.com/users/AppElent/gists{/gist_id}","starred_url":"https://api.github.com/users/AppElent/starred{/owner}{/repo}","subscriptions_url":"https://api.github.com/users/AppElent/subscriptions","organizations_url":"https://api.github.com/users/AppElent/orgs","repos_url":"https://api.github.com/users/AppElent/repos","events_url":"https://api.github.com/users/AppElent/events{/privacy}","received_events_url":"https://api.github.com/users/AppElent/received_events","type":"User","site_admin":false,"name":null,"company":null,"blog":"","location":null,"email":null,"hireable":null,"bio":null,"twitter_username":null,"public_repos":33,"public_gists":0,"followers":2,"following":1,"created_at":"2017-03-27T20:50:26Z","updated_at":"2023-10-10T10:58:56Z","private_gists":0,"total_private_repos":2,"owned_private_repos":2,"disk_usage":198210,"collaborators":0,"two_factor_authentication":false,"plan":{"name":"free","space":976562499,"collaborators":0,"private_repos":10000}}
[info] 
[info] +  Success! Logged into GitHub as AppElent 
[info] 
